<?xml version="1.0" encoding="UTF-8"?>
<!-- Generated by org.testng.reporters.JUnitReportReporter -->
<testsuite skipped="0" hostname="LAPTOP-9F5ANEPK" name="learnJava.LeafTap" tests="1" failures="0" timestamp="2020-07-25T23:33:27 BST" time="10.156" errors="0">
  <testcase name="browserTest1" time="10.156" classname="learnJava.LeafTap"/>
</testsuite> <!-- learnJava.LeafTap -->
