<?xml version="1.0" encoding="UTF-8"?>
<!-- Generated by org.testng.reporters.JUnitReportReporter -->
<testsuite skipped="0" hostname="LAPTOP-9F5ANEPK" name="Learnselenium.BrowserTest3" tests="1" failures="0" timestamp="2020-07-29T11:22:31 BST" time="19.327" errors="0">
  <testcase name="browserTest3" time="19.327" classname="Learnselenium.BrowserTest3"/>
</testsuite> <!-- Learnselenium.BrowserTest3 -->
