<?xml version="1.0" encoding="UTF-8"?>
<!-- Generated by org.testng.reporters.JUnitReportReporter -->
<testsuite skipped="0" hostname="LAPTOP-9F5ANEPK" name="learnJava.StringConcept" tests="1" failures="0" timestamp="2020-07-25T23:38:06 BST" time="0.050" errors="0">
  <testcase name="anothertest" time="0.050" classname="learnJava.StringConcept"/>
</testsuite> <!-- learnJava.StringConcept -->
