<?xml version="1.0" encoding="UTF-8"?>
<!-- Generated by org.testng.reporters.JUnitReportReporter -->
<testsuite skipped="0" hostname="LAPTOP-9F5ANEPK" name="SeleniumDemo.CreateLead" tests="1" failures="0" timestamp="2020-07-29T22:30:37 BST" time="24.851" errors="0">
  <testcase name="createLead" time="24.851" classname="SeleniumDemo.CreateLead"/>
</testsuite> <!-- SeleniumDemo.CreateLead -->
