<?xml version="1.0" encoding="UTF-8"?>
<!-- Generated by org.testng.reporters.JUnitReportReporter -->
<testsuite skipped="0" hostname="LAPTOP-9F5ANEPK" name="Learnselenium.BrowserTest" tests="1" failures="0" timestamp="2020-07-29T15:39:18 BST" time="57.254" errors="0">
  <testcase name="ttt" time="57.254" classname="Learnselenium.BrowserTest"/>
</testsuite> <!-- Learnselenium.BrowserTest -->
