<?xml version="1.0" encoding="UTF-8"?>
<!-- Generated by org.testng.reporters.JUnitReportReporter -->
<testsuite skipped="0" hostname="LAPTOP-9F5ANEPK" name="SeleniumDemo.EditLead" tests="1" failures="0" timestamp="2020-08-03T23:12:15 BST" time="25.645" errors="0">
  <testcase name="editLead" time="25.645" classname="SeleniumDemo.EditLead"/>
</testsuite> <!-- SeleniumDemo.EditLead -->
